TN:
SF:app.js
FN:19,(anonymous_0)
FN:26,(anonymous_1)
FNF:2
FNH:0
FNDA:0,(anonymous_0)
FNDA:0,(anonymous_1)
DA:2,1
DA:6,1
DA:7,1
DA:8,1
DA:10,1
DA:13,1
DA:14,1
DA:15,1
DA:19,1
DA:20,0
DA:21,0
DA:26,1
DA:27,0
DA:29,0
DA:36,1
LF:15
LH:11
BRDA:27,0,0,0
BRDA:27,0,1,0
BRF:2
BRH:0
end_of_record
TN:
SF:db.js
FNF:0
FNH:0
DA:3,1
DA:5,1
DA:7,1
DA:9,1
DA:11,0
DA:14,1
DA:18,1
DA:20,1
LF:8
LH:7
BRDA:7,0,0,1
BRDA:7,0,1,0
BRF:2
BRH:1
end_of_record
TN:
SF:expressError.js
FN:8,(anonymous_0)
FNF:1
FNH:0
FNDA:0,(anonymous_0)
DA:9,0
DA:10,0
DA:11,0
DA:12,0
DA:17,1
LF:5
LH:1
BRF:0
BRH:0
end_of_record
TN:
SF:routes/companies.js
FN:8,(anonymous_0)
FN:19,(anonymous_1)
FN:33,(anonymous_2)
FN:47,(anonymous_3)
FN:61,(anonymous_4)
FNF:5
FNH:1
FNDA:1,(anonymous_0)
FNDA:0,(anonymous_1)
FNDA:0,(anonymous_2)
FNDA:0,(anonymous_3)
FNDA:0,(anonymous_4)
DA:1,1
DA:2,1
DA:5,1
DA:6,1
DA:8,1
DA:11,1
DA:12,1
DA:13,1
DA:15,0
DA:19,1
DA:20,0
DA:21,0
DA:22,0
DA:23,0
DA:24,0
DA:26,0
DA:29,0
DA:33,1
DA:34,0
DA:36,0
DA:38,0
DA:40,0
DA:43,0
DA:47,1
DA:48,0
DA:49,0
DA:50,0
DA:51,0
DA:52,0
DA:53,0
DA:55,0
DA:57,0
DA:61,1
DA:62,0
DA:63,0
DA:64,0
DA:66,0
DA:67,0
DA:69,0
DA:72,0
DA:79,1
LF:41
LH:13
BRDA:23,0,0,0
BRDA:23,0,1,0
BRDA:52,1,0,0
BRDA:52,1,1,0
BRDA:66,2,0,0
BRDA:66,2,1,0
BRF:6
BRH:0
end_of_record
TN:
SF:routes/invoices.js
FN:9,(anonymous_0)
FN:18,(anonymous_1)
FN:31,(anonymous_2)
FN:41,(anonymous_3)
FN:55,(anonymous_4)
FNF:5
FNH:0
FNDA:0,(anonymous_0)
FNDA:0,(anonymous_1)
FNDA:0,(anonymous_2)
FNDA:0,(anonymous_3)
FNDA:0,(anonymous_4)
DA:1,1
DA:2,1
DA:5,1
DA:6,1
DA:9,1
DA:10,0
DA:11,0
DA:12,0
DA:14,0
DA:18,1
DA:19,0
DA:20,0
DA:21,0
DA:22,0
DA:23,0
DA:25,0
DA:27,0
DA:31,1
DA:32,0
DA:33,0
DA:34,0
DA:35,0
DA:37,0
DA:41,1
DA:42,0
DA:43,0
DA:44,0
DA:45,0
DA:46,0
DA:47,0
DA:49,0
DA:51,0
DA:55,1
DA:56,0
DA:57,0
DA:58,0
DA:59,0
DA:60,0
DA:62,0
DA:65,0
DA:69,1
LF:41
LH:10
BRDA:22,0,0,0
BRDA:22,0,1,0
BRDA:46,1,0,0
BRDA:46,1,1,0
BRDA:59,2,0,0
BRDA:59,2,1,0
BRF:6
BRH:0
end_of_record
